<?xml version="1.0" encoding="UTF-8"?>
<testsuite xmlns:xsi="http://www.w3.org/2001/XMLSchema-instance" xsi:noNamespaceSchemaLocation="https://maven.apache.org/surefire/maven-surefire-plugin/xsd/surefire-test-report.xsd" name="com.acme.streamslambdas.exercises.FunctionalInterfacesExercise03Test" time="0.002" tests="1" errors="1" skipped="0" failures="0">
  <properties>
    <property name="java.specification.version" value="17"/>
    <property name="sun.cpu.isalist" value="amd64"/>
    <property name="sun.jnu.encoding" value="Cp1252"/>
    <property name="java.class.path" value="D:\Training\Virtual Training\ACE\Sapient\PSI-2024 Nov ASDE BLR Batch 1\Learning Phase\Week 1\Day 3\Lambda Expressions and Streams  in Java\Supporting Materials\streams-lambda-expressions-java-se-17\02-functional-interfaces\target\test-classes;D:\Training\Virtual Training\ACE\Sapient\PSI-2024 Nov ASDE BLR Batch 1\Learning Phase\Week 1\Day 3\Lambda Expressions and Streams  in Java\Supporting Materials\streams-lambda-expressions-java-se-17\02-functional-interfaces\target\classes;C:\Users\steve\.m2\repository\org\junit\jupiter\junit-jupiter\5.8.1\junit-jupiter-5.8.1.jar;C:\Users\steve\.m2\repository\org\junit\jupiter\junit-jupiter-api\5.8.1\junit-jupiter-api-5.8.1.jar;C:\Users\steve\.m2\repository\org\opentest4j\opentest4j\1.2.0\opentest4j-1.2.0.jar;C:\Users\steve\.m2\repository\org\junit\platform\junit-platform-commons\1.8.1\junit-platform-commons-1.8.1.jar;C:\Users\steve\.m2\repository\org\apiguardian\apiguardian-api\1.1.2\apiguardian-api-1.1.2.jar;C:\Users\steve\.m2\repository\org\junit\jupiter\junit-jupiter-params\5.8.1\junit-jupiter-params-5.8.1.jar;C:\Users\steve\.m2\repository\org\junit\jupiter\junit-jupiter-engine\5.8.1\junit-jupiter-engine-5.8.1.jar;C:\Users\steve\.m2\repository\org\junit\platform\junit-platform-engine\1.8.1\junit-platform-engine-1.8.1.jar;C:\Users\steve\.m2\repository\org\assertj\assertj-core\3.21.0\assertj-core-3.21.0.jar;"/>
    <property name="java.vm.vendor" value="Oracle Corporation"/>
    <property name="sun.arch.data.model" value="64"/>
    <property name="user.variant" value=""/>
    <property name="java.vendor.url" value="https://java.oracle.com/"/>
    <property name="user.timezone" value="Asia/Calcutta"/>
    <property name="os.name" value="Windows 11"/>
    <property name="java.vm.specification.version" value="17"/>
    <property name="sun.java.launcher" value="SUN_STANDARD"/>
    <property name="user.country" value="IN"/>
    <property name="sun.boot.library.path" value="C:\Program Files\Java\jdk-17\bin"/>
    <property name="sun.java.command" value="C:\Users\steve\AppData\Local\Temp\surefire10853943224203198353\surefirebooter589401533808214181.jar C:\Users\steve\AppData\Local\Temp\surefire10853943224203198353 2024-11-23T21-42-50_171-jvmRun1 surefire5103273071839310795tmp surefire_0590429841921127526tmp"/>
    <property name="jdk.debug" value="release"/>
    <property name="surefire.test.class.path" value="D:\Training\Virtual Training\ACE\Sapient\PSI-2024 Nov ASDE BLR Batch 1\Learning Phase\Week 1\Day 3\Lambda Expressions and Streams  in Java\Supporting Materials\streams-lambda-expressions-java-se-17\02-functional-interfaces\target\test-classes;D:\Training\Virtual Training\ACE\Sapient\PSI-2024 Nov ASDE BLR Batch 1\Learning Phase\Week 1\Day 3\Lambda Expressions and Streams  in Java\Supporting Materials\streams-lambda-expressions-java-se-17\02-functional-interfaces\target\classes;C:\Users\steve\.m2\repository\org\junit\jupiter\junit-jupiter\5.8.1\junit-jupiter-5.8.1.jar;C:\Users\steve\.m2\repository\org\junit\jupiter\junit-jupiter-api\5.8.1\junit-jupiter-api-5.8.1.jar;C:\Users\steve\.m2\repository\org\opentest4j\opentest4j\1.2.0\opentest4j-1.2.0.jar;C:\Users\steve\.m2\repository\org\junit\platform\junit-platform-commons\1.8.1\junit-platform-commons-1.8.1.jar;C:\Users\steve\.m2\repository\org\apiguardian\apiguardian-api\1.1.2\apiguardian-api-1.1.2.jar;C:\Users\steve\.m2\repository\org\junit\jupiter\junit-jupiter-params\5.8.1\junit-jupiter-params-5.8.1.jar;C:\Users\steve\.m2\repository\org\junit\jupiter\junit-jupiter-engine\5.8.1\junit-jupiter-engine-5.8.1.jar;C:\Users\steve\.m2\repository\org\junit\platform\junit-platform-engine\1.8.1\junit-platform-engine-1.8.1.jar;C:\Users\steve\.m2\repository\org\assertj\assertj-core\3.21.0\assertj-core-3.21.0.jar;"/>
    <property name="sun.cpu.endian" value="little"/>
    <property name="user.home" value="C:\Users\steve"/>
    <property name="user.language" value="en"/>
    <property name="java.specification.vendor" value="Oracle Corporation"/>
    <property name="java.version.date" value="2024-04-16"/>
    <property name="java.home" value="C:\Program Files\Java\jdk-17"/>
    <property name="file.separator" value="\"/>
    <property name="basedir" value="D:\Training\Virtual Training\ACE\Sapient\PSI-2024 Nov ASDE BLR Batch 1\Learning Phase\Week 1\Day 3\Lambda Expressions and Streams  in Java\Supporting Materials\streams-lambda-expressions-java-se-17\02-functional-interfaces"/>
    <property name="java.vm.compressedOopsMode" value="Zero based"/>
    <property name="line.separator" value="&#10;"/>
    <property name="java.vm.specification.vendor" value="Oracle Corporation"/>
    <property name="java.specification.name" value="Java Platform API Specification"/>
    <property name="surefire.real.class.path" value="C:\Users\steve\AppData\Local\Temp\surefire10853943224203198353\surefirebooter589401533808214181.jar"/>
    <property name="user.script" value=""/>
    <property name="sun.management.compiler" value="HotSpot 64-Bit Tiered Compilers"/>
    <property name="java.runtime.version" value="17.0.11+7-LTS-207"/>
    <property name="user.name" value="steve"/>
    <property name="path.separator" value=";"/>
    <property name="os.version" value="10.0"/>
    <property name="java.runtime.name" value="Java(TM) SE Runtime Environment"/>
    <property name="file.encoding" value="Cp1252"/>
    <property name="java.vm.name" value="Java HotSpot(TM) 64-Bit Server VM"/>
    <property name="localRepository" value="C:\Users\steve\.m2\repository"/>
    <property name="java.vendor.url.bug" value="https://bugreport.java.com/bugreport/"/>
    <property name="java.io.tmpdir" value="C:\Users\steve\AppData\Local\Temp\"/>
    <property name="java.version" value="17.0.11"/>
    <property name="user.dir" value="D:\Training\Virtual Training\ACE\Sapient\PSI-2024 Nov ASDE BLR Batch 1\Learning Phase\Week 1\Day 3\Lambda Expressions and Streams  in Java\Supporting Materials\streams-lambda-expressions-java-se-17\02-functional-interfaces"/>
    <property name="os.arch" value="amd64"/>
    <property name="java.vm.specification.name" value="Java Virtual Machine Specification"/>
    <property name="sun.os.patch.level" value=""/>
    <property name="native.encoding" value="Cp1252"/>
    <property name="java.library.path" value="C:\Program Files\Java\jdk-17\bin;C:\Windows\Sun\Java\bin;C:\Windows\system32;C:\Windows;C:\Windows\system32;C:\Program Files (x86)\VMware\VMware Workstation\bin\;C:\dbfree\app\steve\product\23ai\dbhomeFree\bin;D:\app\steve\product\21c\dbhomeXE\bin;C:\Windows;C:\Windows\System32\Wbem;C:\Windows\System32\WindowsPowerShell\v1.0\;C:\Windows\System32\OpenSSH\;C:\Program Files\nodejs\;C:\Program Files\Git\cmd;C:\Program Files\Intel\WiFi\bin\;C:\Program Files\Common Files\Intel\WirelessCommon\;C:\Program Files\Docker\Docker\resources\bin;C:\Program Files\Amazon\AWSCLIV2\;C:\ProgramData\chocolatey\bin;C:\minikube;C:\Program Files\RedHat\Podman\;C:\Users\steve\AppData\Local\Microsoft\WindowsApps;C:\Program Files\Java\jdk-17\bin;D:\InstalledSoftware\apache-maven-3.9.9\bin;C:\Users\steve\AppData\Local\Programs\Python\Python312\Scripts\;C:\Users\steve\AppData\Local\Programs\Python\Python312\;C:\Users\steve\AppData\Roaming\npm;C:\Users\steve\AppData\Local\Programs\Microsoft VS Code\bin;C:\Program Files\JetBrains\IntelliJ IDEA Community Edition 2024.1.4\bin;;D:\InstalledSoftware\terraform;C:\Users\steve\AppData\Local\Programs\mongosh\;;."/>
    <property name="java.vm.info" value="mixed mode, sharing"/>
    <property name="java.vendor" value="Oracle Corporation"/>
    <property name="java.vm.version" value="17.0.11+7-LTS-207"/>
    <property name="sun.io.unicode.encoding" value="UnicodeLittle"/>
    <property name="java.class.version" value="61.0"/>
  </properties>
  <testcase name="calculate" classname="com.acme.streamslambdas.exercises.FunctionalInterfacesExercise03Test" time="0.001">
    <error message="Not yet implemented" type="java.lang.UnsupportedOperationException">java.lang.UnsupportedOperationException: Not yet implemented
	at com.acme.streamslambdas.exercises.FunctionalInterfacesExercise03Test.calculate(FunctionalInterfacesExercise03Test.java:16)
</error>
  </testcase>
</testsuite>